#
# A fatal error has been detected by the Java Runtime Environment:
#
#  EXCEPTION_ACCESS_VIOLATION (0xc0000005) at pc=0x74826dfe, pid=18452, tid=0x000014c8
#
# JRE version: Java(TM) SE Runtime Environment (8.0_171-b11) (build 1.8.0_171-b11)
# Java VM: Java HotSpot(TM) Client VM (25.171-b11 mixed mode windows-x86 )
# Problematic frame:
# V  [jvm.dll+0xe6dfe]
#
# Failed to write core dump. Minidumps are not enabled by default on client versions of Windows
#
# If you would like to submit a bug report, please visit:
#   http://bugreport.java.com/bugreport/crash.jsp
#

---------------  T H R E A D  ---------------

Current thread (0x28be5c00):  JavaThread "EventThread COM4" [_thread_in_vm, id=5320, stack(0x25000000,0x25050000)]

siginfo: ExceptionCode=0xc0000005, reading address 0x00000000

Registers:
EAX=0x00000000, EBX=0x272bbb38, ECX=0x28be5c00, EDX=0x0000009f
ESP=0x2504819c, EBP=0x250481b8, ESI=0x00000000, EDI=0x28be5c00
EIP=0x74826dfe, EFLAGS=0x00010246

Top of Stack: (sp=0x2504819c)
0x2504819c:   250481d4 28be5d40 272bbb38 28be5c00
0x250481ac:   28c5e41c 0000009f 74a232a0 2504f778
0x250481bc:   6400183d 28be5d40 00000000 00000000
0x250481cc:   00007560 250481d4 0a0d310a 310a0d31
0x250481dc:   0d310a0d 0a0d310a 310a0d31 0d310a0d
0x250481ec:   0a0d310a 310a0d31 0d310a0d 0a0d310a
0x250481fc:   310a0d31 0d310a0d 0a0d310a 310a0d31
0x2504820c:   0d310a0d 0a0d310a 310a0d31 0d310a0d 

Instructions: (pc=0x74826dfe)
0x74826dde:   c4 08 83 7f 04 00 89 7d f0 c7 45 f4 00 00 00 00
0x74826dee:   74 08 8d 4d f0 e8 58 25 0c 00 8b 75 10 8b 45 0c
0x74826dfe:   8b 10 85 f6 78 32 8b 45 14 85 c0 78 2b 8d 0c 06
0x74826e0e:   3b 4a 08 77 23 85 c0 7e 3b 8b 4a 04 8b 49 04 83 


Register to memory mapping:

EAX=0x00000000 is an unknown value
EBX=0x272bbb38 is an unknown value
ECX=0x28be5c00 is a thread
EDX=0x0000009f is an unknown value
ESP=0x2504819c is pointing into the stack for thread: 0x28be5c00
EBP=0x250481b8 is pointing into the stack for thread: 0x28be5c00
ESI=0x00000000 is an unknown value
EDI=0x28be5c00 is a thread


Stack: [0x25000000,0x25050000],  sp=0x2504819c,  free space=288k
Native frames: (J=compiled Java code, j=interpreted, Vv=VM code, C=native code)
V  [jvm.dll+0xe6dfe]
C  [jSSC-2.8_x86.dll+0x183d]
J 2739  jssc.SerialNativeInterface.readBytes(JI)[B (0 bytes) @ 0x032141a5 [0x03214110+0x95]
J 2679 C1 processing.app.Serial.serialEvent(Ljssc/SerialPortEvent;)V (195 bytes) @ 0x031ff0e4 [0x031fefb0+0x134]
J 3556 C1 jssc.SerialPort$EventThread.run()V (84 bytes) @ 0x03365dcc [0x03365c70+0x15c]
v  ~StubRoutines::call_stub
V  [jvm.dll+0x15b985]
V  [jvm.dll+0x22262e]
V  [jvm.dll+0x15ba1e]
V  [jvm.dll+0x15bba6]
V  [jvm.dll+0x15bc17]
V  [jvm.dll+0xffb3f]
V  [jvm.dll+0x17eb50]
V  [jvm.dll+0x17f3ca]
V  [jvm.dll+0x1c3fe6]
C  [msvcr100.dll+0x5c556]
C  [msvcr100.dll+0x5c600]
C  [KERNEL32.DLL+0x16359]
C  [ntdll.dll+0x67c24]
C  [ntdll.dll+0x67bf4]
C  0x00000000

Java frames: (J=compiled Java code, j=interpreted, Vv=VM code)
J 2739  jssc.SerialNativeInterface.readBytes(JI)[B (0 bytes) @ 0x03214161 [0x03214110+0x51]
J 2679 C1 processing.app.Serial.serialEvent(Ljssc/SerialPortEvent;)V (195 bytes) @ 0x031ff0e4 [0x031fefb0+0x134]
J 3556 C1 jssc.SerialPort$EventThread.run()V (84 bytes) @ 0x03365dcc [0x03365c70+0x15c]
v  ~StubRoutines::call_stub

---------------  P R O C E S S  ---------------

Java Threads: ( => current thread )
=>0x28be5c00 JavaThread "EventThread COM4" [_thread_in_vm, id=5320, stack(0x25000000,0x25050000)]
  0x28be1000 JavaThread "Keep-Alive-SocketCleaner" daemon [_thread_blocked, id=1556, stack(0x00fb0000,0x01000000)]
  0x28be2400 JavaThread "DestroyJavaVM" [_thread_blocked, id=14028, stack(0x029f0000,0x02a40000)]
  0x28be3c00 JavaThread "TimerQueue" daemon [_thread_blocked, id=444, stack(0x2a3f0000,0x2a440000)]
  0x28669400 JavaThread "Batik CleanerThread" daemon [_thread_blocked, id=5512, stack(0x27e30000,0x27e80000)]
  0x28668c00 JavaThread "AWT-EventQueue-0" [_thread_blocked, id=6776, stack(0x27b30000,0x27b80000)]
  0x28669800 JavaThread "AWT-Shutdown" [_thread_blocked, id=15436, stack(0x271c0000,0x27210000)]
  0x28667800 JavaThread "JmDNS(Michael.local.).State.Timer" [_thread_blocked, id=1968, stack(0x279a0000,0x279f0000)]
  0x28667400 JavaThread "JmDNS(Michael.local.).Timer" daemon [_thread_blocked, id=14408, stack(0x27910000,0x27960000)]
  0x28666c00 JavaThread "SocketListener(Michael.local.)" daemon [_thread_blocked, id=12552, stack(0x27880000,0x278d0000)]
  0x2865d800 JavaThread "JmDNS(Michael.local.).State.Timer" [_thread_blocked, id=18376, stack(0x27760000,0x277b0000)]
  0x2865d400 JavaThread "JmDNS(Michael.local.).Timer" daemon [_thread_blocked, id=2880, stack(0x276d0000,0x27720000)]
  0x2865cc00 JavaThread "SocketListener(Michael.local.)" daemon [_thread_in_native, id=18404, stack(0x27640000,0x27690000)]
  0x285fec00 JavaThread "Multihomed mDNS.Timer" daemon [_thread_blocked, id=7528, stack(0x02d70000,0x02dc0000)]
  0x285ff800 JavaThread "cc.arduino.packages.discoverers.serial.SerialBoardsLister" [_thread_blocked, id=8764, stack(0x27250000,0x272a0000)]
  0x26abe800 JavaThread "AWT-Windows" daemon [_thread_blocked, id=4672, stack(0x26ff0000,0x27040000)]
  0x26abd800 JavaThread "Java2D Disposer" daemon [_thread_blocked, id=9956, stack(0x26ed0000,0x26f20000)]
  0x2612c400 JavaThread "Service Thread" daemon [_thread_blocked, id=3652, stack(0x26750000,0x267a0000)]
  0x26122800 JavaThread "C1 CompilerThread0" daemon [_thread_blocked, id=18944, stack(0x266c0000,0x26710000)]
  0x26121400 JavaThread "Attach Listener" daemon [_thread_blocked, id=17324, stack(0x26630000,0x26680000)]
  0x2611d400 JavaThread "Signal Dispatcher" daemon [_thread_blocked, id=8592, stack(0x265a0000,0x265f0000)]
  0x2610c800 JavaThread "Finalizer" daemon [_thread_blocked, id=164, stack(0x26410000,0x26460000)]
  0x260f6800 JavaThread "Reference Handler" daemon [_thread_blocked, id=19064, stack(0x26380000,0x263d0000)]

Other Threads:
  0x260f0c00 VMThread [stack: 0x262f0000,0x26340000] [id=9780]
  0x2612f800 WatcherThread [stack: 0x267e0000,0x26830000] [id=18528]

VM state:synchronizing (normal execution)

VM Mutex/Monitor currently owned by a thread:  ([mutex/lock_event])
[0x029ece80] Threads_lock - owner thread: 0x260f0c00
[0x029eda38] Heap_lock - owner thread: 0x28668c00

Heap:
 def new generation   total 157248K, used 157248K [0x05000000, 0x0faa0000, 0x0faa0000)
  eden space 139776K, 100% used [0x05000000, 0x0d880000, 0x0d880000)
  from space 17472K, 100% used [0x0e990000, 0x0faa0000, 0x0faa0000)
  to   space 17472K,   0% used [0x0d880000, 0x0d880000, 0x0e990000)
 tenured generation   total 349568K, used 349567K [0x0faa0000, 0x25000000, 0x25000000)
   the space 349568K,  99% used [0x0faa0000, 0x24ffffe8, 0x25000000, 0x25000000)
 Metaspace       used 21157K, capacity 21810K, committed 22144K, reserved 22912K

Card table byte_map: [0x04e70000,0x04f80000] byte_map_base: 0x04e48000

Polling page: 0x02a40000

CodeCache: size=32768Kb used=3291Kb max_used=5990Kb free=29476Kb
 bounds [0x02dd0000, 0x033b0000, 0x04dd0000]
 total_blobs=2017 nmethods=1736 adapters=210
 compilation: enabled

Compilation events (10 events):
Event: 636.503 Thread 0x26122800 6218  s          java.util.Vector::addElement (38 bytes)
Event: 636.503 Thread 0x26122800 nmethod 6218 0x02e9e048 code [0x02e9e160, 0x02e9e3ec]
Event: 636.503 Thread 0x26122800 6219             java.util.Vector::ensureCapacityHelper (16 bytes)
Event: 636.503 Thread 0x26122800 nmethod 6219 0x03389948 code [0x03389a50, 0x03389afc]
Event: 636.503 Thread 0x26122800 6220             javax.swing.text.AbstractDocument::getAttributeContext (5 bytes)
Event: 636.503 Thread 0x26122800 nmethod 6220 0x02e9de88 code [0x02e9df80, 0x02e9e000]
Event: 637.272 Thread 0x26122800 6221             java.util.HashMap::getNode (148 bytes)
Event: 637.273 Thread 0x26122800 nmethod 6221 0x03378248 code [0x03378380, 0x033785e4]
Event: 639.514 Thread 0x26122800 6222 %           java.lang.ref.Reference$ReferenceHandler::run @ 0 (8 bytes)
Event: 639.514 Thread 0x26122800 nmethod 6222% 0x02e9dc48 code [0x02e9dd50, 0x02e9ddfc]

GC Heap History (10 events):
Event: 655.080 GC heap before
{Heap before GC invocations=248 (full 75):
 def new generation   total 157248K, used 157247K [0x05000000, 0x0faa0000, 0x0faa0000)
  eden space 139776K, 100% used [0x05000000, 0x0d880000, 0x0d880000)
  from space 17472K,  99% used [0x0e990000, 0x0fa9fff0, 0x0faa0000)
  to   space 17472K,   0% used [0x0d880000, 0x0d880000, 0x0e990000)
 tenured generation   total 349568K, used 349568K [0x0faa0000, 0x25000000, 0x25000000)
   the space 349568K, 100% used [0x0faa0000, 0x25000000, 0x25000000, 0x25000000)
 Metaspace       used 21157K, capacity 21810K, committed 22144K, reserved 22912K
Event: 655.847 GC heap after
Heap after GC invocations=249 (full 76):
 def new generation   total 157248K, used 157243K [0x05000000, 0x0faa0000, 0x0faa0000)
  eden space 139776K,  99% used [0x05000000, 0x0d87fff0, 0x0d880000)
  from space 17472K,  99% used [0x0e990000, 0x0fa9ef70, 0x0faa0000)
  to   space 17472K,   0% used [0x0d880000, 0x0d880000, 0x0e990000)
 tenured generation   total 349568K, used 349567K [0x0faa0000, 0x25000000, 0x25000000)
   the space 349568K,  99% used [0x0faa0000, 0x24ffffc8, 0x25000000, 0x25000000)
 Metaspace       used 21157K, capacity 21810K, committed 22144K, reserved 22912K
}
Event: 655.848 GC heap before
{Heap before GC invocations=249 (full 76):
 def new generation   total 157248K, used 157247K [0x05000000, 0x0faa0000, 0x0faa0000)
  eden space 139776K, 100% used [0x05000000, 0x0d880000, 0x0d880000)
  from space 17472K,  99% used [0x0e990000, 0x0fa9ff38, 0x0faa0000)
  to   space 17472K,   0% used [0x0d880000, 0x0d880000, 0x0e990000)
 tenured generation   total 349568K, used 349567K [0x0faa0000, 0x25000000, 0x25000000)
   the space 349568K,  99% used [0x0faa0000, 0x24ffffc8, 0x25000000, 0x25000000)
 Metaspace       used 21157K, capacity 21810K, committed 22144K, reserved 22912K
Event: 656.457 GC heap after
Heap after GC invocations=250 (full 77):
 def new generation   total 157248K, used 157244K [0x05000000, 0x0faa0000, 0x0faa0000)
  eden space 139776K, 100% used [0x05000000, 0x0d880000, 0x0d880000)
  from space 17472K,  99% used [0x0e990000, 0x0fa9f048, 0x0faa0000)
  to   space 17472K,   0% used [0x0d880000, 0x0d880000, 0x0e990000)
 tenured generation   total 349568K, used 349567K [0x0faa0000, 0x25000000, 0x25000000)
   the space 349568K,  99% used [0x0faa0000, 0x24ffffc8, 0x25000000, 0x25000000)
 Metaspace       used 21157K, capacity 21810K, committed 22144K, reserved 22912K
}
Event: 656.457 GC heap before
{Heap before GC invocations=250 (full 77):
 def new generation   total 157248K, used 157248K [0x05000000, 0x0faa0000, 0x0faa0000)
  eden space 139776K, 100% used [0x05000000, 0x0d880000, 0x0d880000)
  from space 17472K, 100% used [0x0e990000, 0x0faa0000, 0x0faa0000)
  to   space 17472K,   0% used [0x0d880000, 0x0d880000, 0x0e990000)
 tenured generation   total 349568K, used 349567K [0x0faa0000, 0x25000000, 0x25000000)
   the space 349568K,  99% used [0x0faa0000, 0x24fffff8, 0x25000000, 0x25000000)
 Metaspace       used 21157K, capacity 21810K, committed 22144K, reserved 22912K
Event: 657.057 GC heap after
Heap after GC invocations=251 (full 78):
 def new generation   total 157248K, used 157238K [0x05000000, 0x0faa0000, 0x0faa0000)
  eden space 139776K, 100% used [0x05000000, 0x0d880000, 0x0d880000)
  from space 17472K,  99% used [0x0e990000, 0x0fa9d8c0, 0x0faa0000)
  to   space 17472K,   0% used [0x0d880000, 0x0d880000, 0x0e990000)
 tenured generation   total 349568K, used 349567K [0x0faa0000, 0x25000000, 0x25000000)
   the space 349568K,  99% used [0x0faa0000, 0x24fffff8, 0x25000000, 0x25000000)
 Metaspace       used 21157K, capacity 21810K, committed 22144K, reserved 22912K
}
Event: 657.058 GC heap before
{Heap before GC invocations=251 (full 78):
 def new generation   total 157248K, used 157243K [0x05000000, 0x0faa0000, 0x0faa0000)
  eden space 139776K, 100% used [0x05000000, 0x0d880000, 0x0d880000)
  from space 17472K,  99% used [0x0e990000, 0x0fa9ef88, 0x0faa0000)
  to   space 17472K,   0% used [0x0d880000, 0x0d880000, 0x0e990000)
 tenured generation   total 349568K, used 349567K [0x0faa0000, 0x25000000, 0x25000000)
   the space 349568K,  99% used [0x0faa0000, 0x24fffff8, 0x25000000, 0x25000000)
 Metaspace       used 21157K, capacity 21810K, committed 22144K, reserved 22912K
Event: 657.658 GC heap after
Heap after GC invocations=252 (full 79):
 def new generation   total 157248K, used 157239K [0x05000000, 0x0faa0000, 0x0faa0000)
  eden space 139776K,  99% used [0x05000000, 0x0d87fff0, 0x0d880000)
  from space 17472K,  99% used [0x0e990000, 0x0fa9de08, 0x0faa0000)
  to   space 17472K,   0% used [0x0d880000, 0x0d880000, 0x0e990000)
 tenured generation   total 349568K, used 349567K [0x0faa0000, 0x25000000, 0x25000000)
   the space 349568K,  99% used [0x0faa0000, 0x24fffff8, 0x25000000, 0x25000000)
 Metaspace       used 21157K, capacity 21810K, committed 22144K, reserved 22912K
}
Event: 657.658 GC heap before
{Heap before GC invocations=252 (full 79):
 def new generation   total 157248K, used 157239K [0x05000000, 0x0faa0000, 0x0faa0000)
  eden space 139776K,  99% used [0x05000000, 0x0d87fff0, 0x0d880000)
  from space 17472K,  99% used [0x0e990000, 0x0fa9de08, 0x0faa0000)
  to   space 17472K,   0% used [0x0d880000, 0x0d880000, 0x0e990000)
 tenured generation   total 349568K, used 349567K [0x0faa0000, 0x25000000, 0x25000000)
   the space 349568K,  99% used [0x0faa0000, 0x24fffff8, 0x25000000, 0x25000000)
 Metaspace       used 21157K, capacity 21810K, committed 22144K, reserved 22912K
Event: 658.259 GC heap after
Heap after GC invocations=253 (full 80):
 def new generation   total 157248K, used 157239K [0x05000000, 0x0faa0000, 0x0faa0000)
  eden space 139776K,  99% used [0x05000000, 0x0d87fff0, 0x0d880000)
  from space 17472K,  99% used [0x0e990000, 0x0fa9de08, 0x0faa0000)
  to   space 17472K,   0% used [0x0d880000, 0x0d880000, 0x0e990000)
 tenured generation   total 349568K, used 349567K [0x0faa0000, 0x25000000, 0x25000000)
   the space 349568K,  99% used [0x0faa0000, 0x24ffffe8, 0x25000000, 0x25000000)
 Metaspace       used 21157K, capacity 21810K, committed 22144K, reserved 22912K
}

Deoptimization events (0 events):
No events

Classes redefined (0 events):
No events

Internal exceptions (10 events):
Event: 572.730 Thread 0x28be1800 Exception <a 'sun/nio/fs/WindowsException'> (0x06514770) thrown at [C:\re\workspace\8-2-build-windows-i586-cygwin\jdk8u171\10807\hotspot\src\share\vm\prims\jni.cpp, line 709]
Event: 572.731 Thread 0x28be1800 Exception <a 'sun/nio/fs/WindowsException'> (0x0651fc18) thrown at [C:\re\workspace\8-2-build-windows-i586-cygwin\jdk8u171\10807\hotspot\src\share\vm\prims\jni.cpp, line 709]
Event: 572.731 Thread 0x28be1800 Exception <a 'sun/nio/fs/WindowsException'> (0x06520130) thrown at [C:\re\workspace\8-2-build-windows-i586-cygwin\jdk8u171\10807\hotspot\src\share\vm\prims\jni.cpp, line 709]
Event: 572.732 Thread 0x28be1800 Exception <a 'sun/nio/fs/WindowsException'> (0x06536d88) thrown at [C:\re\workspace\8-2-build-windows-i586-cygwin\jdk8u171\10807\hotspot\src\share\vm\prims\jni.cpp, line 709]
Event: 572.732 Thread 0x28be1800 Exception <a 'sun/nio/fs/WindowsException'> (0x06537380) thrown at [C:\re\workspace\8-2-build-windows-i586-cygwin\jdk8u171\10807\hotspot\src\share\vm\prims\jni.cpp, line 709]
Event: 572.733 Thread 0x28be1800 Exception <a 'sun/nio/fs/WindowsException'> (0x06546ba8) thrown at [C:\re\workspace\8-2-build-windows-i586-cygwin\jdk8u171\10807\hotspot\src\share\vm\prims\jni.cpp, line 709]
Event: 572.733 Thread 0x28be1800 Exception <a 'sun/nio/fs/WindowsException'> (0x06547100) thrown at [C:\re\workspace\8-2-build-windows-i586-cygwin\jdk8u171\10807\hotspot\src\share\vm\prims\jni.cpp, line 709]
Event: 572.734 Thread 0x28be1800 Exception <a 'sun/nio/fs/WindowsException'> (0x0655b890) thrown at [C:\re\workspace\8-2-build-windows-i586-cygwin\jdk8u171\10807\hotspot\src\share\vm\prims\jni.cpp, line 709]
Event: 572.734 Thread 0x28be1800 Exception <a 'sun/nio/fs/WindowsException'> (0x0655bdc0) thrown at [C:\re\workspace\8-2-build-windows-i586-cygwin\jdk8u171\10807\hotspot\src\share\vm\prims\jni.cpp, line 709]
Event: 658.259 Thread 0x28be5c00 Exception <a 'java/lang/OutOfMemoryError'> (0x0fb31328) thrown at [C:\re\workspace\8-2-build-windows-i586-cygwin\jdk8u171\10807\hotspot\src\share\vm\gc_interface/collectedHeap.inline.hpp, line 159]

Events (10 events):
Event: 654.460 Executing VM operation: GenCollectForAllocation
Event: 655.080 Executing VM operation: GenCollectForAllocation done
Event: 655.080 Executing VM operation: GenCollectForAllocation
Event: 655.847 Executing VM operation: GenCollectForAllocation done
Event: 655.848 Executing VM operation: GenCollectForAllocation
Event: 656.457 Executing VM operation: GenCollectForAllocation done
Event: 656.457 Executing VM operation: GenCollectForAllocation
Event: 657.058 Executing VM operation: GenCollectForAllocation done
Event: 657.058 Executing VM operation: GenCollectForAllocation
Event: 658.259 Executing VM operation: GenCollectForAllocation done


Dynamic libraries:
0x001e0000 - 0x00213000 	E:\Files\Programs\arduino\java\bin\javaw.exe
0x77690000 - 0x7782a000 	C:\WINDOWS\SYSTEM32\ntdll.dll
0x771e0000 - 0x772c0000 	C:\WINDOWS\System32\KERNEL32.DLL
0x74e80000 - 0x7507e000 	C:\WINDOWS\System32\KERNELBASE.dll
0x76d90000 - 0x76e09000 	C:\WINDOWS\System32\ADVAPI32.dll
0x760a0000 - 0x7615f000 	C:\WINDOWS\System32\msvcrt.dll
0x762b0000 - 0x76326000 	C:\WINDOWS\System32\sechost.dll
0x76180000 - 0x7623b000 	C:\WINDOWS\System32\RPCRT4.dll
0x74e60000 - 0x74e80000 	C:\WINDOWS\System32\SspiCli.dll
0x74e50000 - 0x74e5a000 	C:\WINDOWS\System32\CRYPTBASE.dll
0x76c00000 - 0x76c5f000 	C:\WINDOWS\System32\bcryptPrimitives.dll
0x75300000 - 0x75497000 	C:\WINDOWS\System32\USER32.dll
0x771b0000 - 0x771c7000 	C:\WINDOWS\System32\win32u.dll
0x76330000 - 0x76351000 	C:\WINDOWS\System32\GDI32.dll
0x76a60000 - 0x76bba000 	C:\WINDOWS\System32\gdi32full.dll
0x77460000 - 0x774dc000 	C:\WINDOWS\System32\msvcp_win.dll
0x77090000 - 0x771af000 	C:\WINDOWS\System32\ucrtbase.dll
0x6e0b0000 - 0x6e2bf000 	C:\WINDOWS\WinSxS\x86_microsoft.windows.common-controls_6595b64144ccf1df_6.0.18362.836_none_2e71f01a278b41f3\COMCTL32.dll
0x75080000 - 0x752f5000 	C:\WINDOWS\System32\combase.dll
0x76460000 - 0x76485000 	C:\WINDOWS\System32\IMM32.DLL
0x74b20000 - 0x74bdf000 	E:\Files\Programs\arduino\java\bin\msvcr100.dll
0x74740000 - 0x74b11000 	E:\Files\Programs\arduino\java\bin\client\jvm.dll
0x76eb0000 - 0x76eb6000 	C:\WINDOWS\System32\PSAPI.DLL
0x74730000 - 0x74738000 	C:\WINDOWS\SYSTEM32\WSOCK32.dll
0x72980000 - 0x729a4000 	C:\WINDOWS\SYSTEM32\WINMM.dll
0x74e40000 - 0x74e48000 	C:\WINDOWS\SYSTEM32\VERSION.dll
0x75a20000 - 0x75a7e000 	C:\WINDOWS\System32\WS2_32.dll
0x72950000 - 0x72973000 	C:\WINDOWS\SYSTEM32\WINMMBASE.dll
0x76bc0000 - 0x76bfb000 	C:\WINDOWS\System32\cfgmgr32.dll
0x74700000 - 0x74730000 	E:\Files\Programs\arduino\java\bin\splashscreen.dll
0x72740000 - 0x727ba000 	C:\WINDOWS\system32\uxtheme.dll
0x746f0000 - 0x746fc000 	E:\Files\Programs\arduino\java\bin\verify.dll
0x746c0000 - 0x746e2000 	E:\Files\Programs\arduino\java\bin\java.dll
0x76c80000 - 0x76d83000 	C:\WINDOWS\System32\MSCTF.dll
0x76e10000 - 0x76ea2000 	C:\WINDOWS\System32\OLEAUT32.dll
0x746a0000 - 0x746b4000 	E:\Files\Programs\arduino\java\bin\zip.dll
0x75a80000 - 0x75a8f000 	C:\WINDOWS\System32\kernel.appcore.dll
0x6d920000 - 0x6d9a4000 	C:\WINDOWS\System32\TextInputFramework.dll
0x70260000 - 0x702e9000 	C:\WINDOWS\System32\CoreMessaging.dll
0x70000000 - 0x7025e000 	C:\WINDOWS\System32\CoreUIComponents.dll
0x75f60000 - 0x75fe4000 	C:\WINDOWS\System32\SHCORE.dll
0x72630000 - 0x72659000 	C:\WINDOWS\SYSTEM32\ntmarta.dll
0x702f0000 - 0x703ca000 	C:\WINDOWS\SYSTEM32\wintypes.dll
0x6f040000 - 0x6f269000 	C:\WINDOWS\System32\iertutil.dll
0x754a0000 - 0x75a16000 	C:\WINDOWS\System32\SHELL32.dll
0x76490000 - 0x76a55000 	C:\WINDOWS\System32\windows.storage.dll
0x76160000 - 0x7617b000 	C:\WINDOWS\System32\profapi.dll
0x77630000 - 0x77673000 	C:\WINDOWS\System32\powrprof.dll
0x76ec0000 - 0x76ecd000 	C:\WINDOWS\System32\UMPDC.dll
0x76050000 - 0x76094000 	C:\WINDOWS\System32\shlwapi.dll
0x772d0000 - 0x772e3000 	C:\WINDOWS\System32\cryptsp.dll
0x61740000 - 0x6176b000 	E:\Files\Programs\arduino\lib\listSerialsj.dll
0x75a90000 - 0x75ed9000 	C:\WINDOWS\System32\SETUPAPI.dll
0x76c60000 - 0x76c79000 	C:\WINDOWS\System32\bcrypt.dll
0x74680000 - 0x7469d000 	E:\Files\Programs\arduino\lib\jnidispatch-4.2.2-win32-x86.dll
0x76f90000 - 0x77087000 	C:\WINDOWS\System32\Ole32.dll
0x74660000 - 0x74675000 	E:\Files\Programs\arduino\java\bin\net.dll
0x726e0000 - 0x72732000 	C:\WINDOWS\system32\mswsock.dll
0x74650000 - 0x7465f000 	E:\Files\Programs\arduino\java\bin\nio.dll
0x74500000 - 0x74645000 	E:\Files\Programs\arduino\java\bin\awt.dll
0x72e10000 - 0x72eaf000 	C:\WINDOWS\SYSTEM32\apphelp.dll
0x6e2c0000 - 0x6e2e5000 	C:\WINDOWS\system32\DWMAPI.DLL
0x744c0000 - 0x744f9000 	E:\Files\Programs\arduino\java\bin\fontmanager.dll
0x743c0000 - 0x744bf000 	C:\WINDOWS\system32\opengl32.dll
0x74380000 - 0x743bf000 	C:\WINDOWS\SYSTEM32\GLU32.dll
0x712c0000 - 0x712d9000 	C:\WINDOWS\SYSTEM32\dxcore.dll
0x74340000 - 0x74372000 	E:\Files\Programs\arduino\java\bin\t2k.dll
0x6d830000 - 0x6d853000 	C:\WINDOWS\SYSTEM32\DEVOBJ.dll
0x76260000 - 0x762a6000 	C:\WINDOWS\System32\WINTRUST.dll
0x771d0000 - 0x771de000 	C:\WINDOWS\System32\MSASN1.dll
0x76360000 - 0x7645b000 	C:\WINDOWS\System32\CRYPT32.dll
0x729e0000 - 0x72a12000 	C:\WINDOWS\SYSTEM32\IPHLPAPI.DLL
0x772c0000 - 0x772c7000 	C:\WINDOWS\System32\NSI.dll
0x6fef0000 - 0x6ff03000 	C:\WINDOWS\SYSTEM32\dhcpcsvc6.DLL
0x70af0000 - 0x70b05000 	C:\WINDOWS\SYSTEM32\dhcpcsvc.DLL
0x6fe50000 - 0x6fee3000 	C:\WINDOWS\SYSTEM32\DNSAPI.dll
0x6fdc0000 - 0x6fdc8000 	C:\Windows\System32\rasadhlp.dll
0x6fc90000 - 0x6fce1000 	C:\WINDOWS\System32\fwpuclnt.dll
0x742d0000 - 0x74339000 	E:\Files\Programs\arduino\msvcp100.dll
0x74210000 - 0x742ce000 	E:\Files\Programs\arduino\msvcr100.dll
0x27bb0000 - 0x27be2000 	E:\Files\Programs\arduino\lib\AStylej.dll
0x741e0000 - 0x74204000 	E:\Files\Programs\arduino\java\bin\dcpr.dll
0x75ee0000 - 0x75f60000 	C:\WINDOWS\System32\clbcatq.dll
0x74070000 - 0x741d9000 	C:\WINDOWS\SYSTEM32\WindowsCodecs.dll
0x6d7e0000 - 0x6d811000 	C:\WINDOWS\system32\dataexchange.dll
0x6d670000 - 0x6d7da000 	C:\WINDOWS\system32\dcomp.dll
0x6e2f0000 - 0x6e4ce000 	C:\WINDOWS\system32\d3d11.dll
0x704c0000 - 0x70581000 	C:\WINDOWS\system32\dxgi.dll
0x6dba0000 - 0x6dd85000 	C:\WINDOWS\system32\twinapi.appcore.dll
0x6db80000 - 0x6db9f000 	C:\WINDOWS\system32\RMCLIENT.dll
0x64000000 - 0x6401b000 	C:\Users\Michael\.jssc\windows\jSSC-2.8_x86.dll
0x74050000 - 0x74070000 	E:\Files\Programs\arduino\java\bin\sunec.dll
0x72eb0000 - 0x72edf000 	C:\WINDOWS\system32\rsaenh.dll
0x729b0000 - 0x729ce000 	C:\WINDOWS\SYSTEM32\USERENV.dll
0x74040000 - 0x74049000 	E:\Files\Programs\arduino\java\bin\sunmscapi.dll
0x727c0000 - 0x7294f000 	C:\WINDOWS\SYSTEM32\dbghelp.dll

VM Arguments:
jvm_args: -Dsun.java2d.d3d=false -Djna.nosys=true -Djna.nounpack=true -Djna.boot.library.name=jnidispatch-4.2.2-win32-x86 -Djna.boot.library.path=E:\Files\Programs\arduino/lib -Djssc.library.path=E:\Files\Programs\arduino/lib -DAPP_DIR=E:\Files\Programs\arduino -Xms128M -Xmx512M 
java_command: processing.app.Base E:\projects\aviation_parachute_wireless\lora_based\software\transmitter\Transmitter\Transmitter.ino
java_class_path (initial): E:\Files\Programs\arduino\lib\apple.jar;E:\Files\Programs\arduino\lib\arduino-core.jar;E:\Files\Programs\arduino\lib\batik-1.8.jar;E:\Files\Programs\arduino\lib\batik-anim-1.8.jar;E:\Files\Programs\arduino\lib\batik-awt-util-1.8.jar;E:\Files\Programs\arduino\lib\batik-bridge-1.8.jar;E:\Files\Programs\arduino\lib\batik-codec-1.8.jar;E:\Files\Programs\arduino\lib\batik-css-1.8.jar;E:\Files\Programs\arduino\lib\batik-dom-1.8.jar;E:\Files\Programs\arduino\lib\batik-ext-1.8.jar;E:\Files\Programs\arduino\lib\batik-gvt-1.8.jar;E:\Files\Programs\arduino\lib\batik-parser-1.8.jar;E:\Files\Programs\arduino\lib\batik-rasterizer-1.8.jar;E:\Files\Programs\arduino\lib\batik-script-1.8.jar;E:\Files\Programs\arduino\lib\batik-squiggle-1.8.jar;E:\Files\Programs\arduino\lib\batik-svg-dom-1.8.jar;E:\Files\Programs\arduino\lib\batik-svgpp-1.8.jar;E:\Files\Programs\arduino\lib\batik-transcoder-1.8.jar;E:\Files\Programs\arduino\lib\batik-util-1.8.jar;E:\Files\Programs\arduino\lib\batik-xml-1.8.jar;E:\Files\Programs\arduino\lib\bcpg-jdk15on-152.jar;E:\Files\Programs\arduino\lib\bcprov-jdk15on-152.jar;E:\Files\Programs\arduino\lib\commons-codec-1.7.jar;E:\Files\Programs\arduino\lib\commons-compress-1.8.jar;E:\Files\Programs\arduino\lib\commons-exec-1.1.jar;E:\Files\Programs\arduino\lib\commons-httpclient-3.1.jar;E:\Files\Programs\arduino\lib\commons-lang3-3.3.2.jar;E:\Files\Programs\arduino\lib\commons-logging-1.0.4.jar;E:\Files\Programs\arduino\lib\commons-net-3.3.jar;E:\Files\Programs\arduino\lib\jackson-annotations-2.9.5.jar;E:\Files\Programs\arduino\lib\jackson-core-2.9.5.jar;E:\Files\Programs\arduino\lib\jackson-databind-2.9.5.jar;E:\Files\Programs\arduino\lib\jackson-module-mrbean-2.9.5.jar;E:\Files\Programs\arduino\lib\java-semver-0.8.0.jar;E:\Files\Programs\arduino\lib\jmdns-3.5.3.jar;E:\Files\Programs\arduino\lib\slf4j-simple-1.7.22.jar;E:\Files\Programs\arduino\lib\slf4j-api-1.7.22.jar;E:\Files\Programs\arduino\lib\jna-4.2.2.jar;E:\Files\Programs\ardui
Launcher Type: SUN_STANDARD

Environment Variables:
PATH=E:\Files\Programs\winavr\bin;E:\Files\Programs\winavr\utils\bin;C:\Windows\system32;C:\Windows;C:\Windows\System32\Wbem;C:\Windows\System32\WindowsPowerShell\v1.0\;C:\Program Files (x86)\NVIDIA Corporation\PhysX\Common;C:\WINDOWS\system32;C:\WINDOWS;C:\WINDOWS\System32\Wbem;C:\WINDOWS\System32\WindowsPowerShell\v1.0\;C:\WINDOWS\System32\OpenSSH\;C:\Program Files\dotnet\;C:\Program Files\NVIDIA Corporation\NVIDIA NvDLISR;C:\Program Files (x86)\STMicroelectronics\STM32 ST-LINK Utility\ST-LINK Utility;C:\Users\Michael\AppData\Local\Microsoft\WindowsApps;;E:\Files\Programs\quartus ii13.0(sp1)\modelsim_ase\win32aloem;E:\Files\Programs\quartus ii13.0(sp1)\modelsim_ae\win32aloem;E:\Files\Programs\arduino\java\bin
USERNAME=Michael
OS=Windows_NT
PROCESSOR_IDENTIFIER=AMD64 Family 23 Model 8 Stepping 2, AuthenticAMD



---------------  S Y S T E M  ---------------

OS: Windows 10.0 , 64 bit Build 18362 (10.0.18362.778)

CPU:total 12 (initial active 12) (12 cores per cpu, 1 threads per core) family 23 model 8 stepping 2, cmov, cx8, fxsr, mmx, sse, sse2, sse3, ssse3, sse4.1, sse4.2, popcnt, avx, avx2, aes, clmul, mmxext, 3dnowpref, lzcnt, sse4a, tsc, tscinvbit, tscinv, bmi1

Memory: 4k page, physical 8332900k(3071596k free), swap 19867236k(9714316k free)

vm_info: Java HotSpot(TM) Client VM (25.171-b11) for windows-x86 JRE (1.8.0_171-b11), built on Mar 28 2018 14:51:22 by "java_re" with MS VC++ 10.0 (VS2010)

time: Mon May 18 04:51:47 2020
elapsed time: 658 seconds (0d 0h 10m 58s)

